Mon, 24 Nov 2014 17:38:06 main.py[line:30] INFO info log
Mon, 24 Nov 2014 17:38:06 main.py[line:31] ERROR info log
Mon, 24 Nov 2014 17:38:06 main.py[line:32] DEBUG info log
Mon, 24 Nov 2014 17:38:18 main.py[line:30] INFO info log
Mon, 24 Nov 2014 17:38:18 main.py[line:31] ERROR info log
Mon, 24 Nov 2014 17:38:18 main.py[line:32] DEBUG info log
Mon, 24 Nov 2014 17:38:19 main.py[line:30] INFO info log
Mon, 24 Nov 2014 17:38:19 main.py[line:31] ERROR info log
Mon, 24 Nov 2014 17:38:19 main.py[line:32] DEBUG info log
Mon, 24 Nov 2014 17:38:20 main.py[line:30] INFO info log
Mon, 24 Nov 2014 17:38:20 main.py[line:31] ERROR info log
Mon, 24 Nov 2014 17:38:20 main.py[line:32] DEBUG info log
Mon, 24 Nov 2014 17:38:50 main.py[line:30] INFO info log
Mon, 24 Nov 2014 17:38:50 main.py[line:31] ERROR info log
Mon, 24 Nov 2014 17:38:50 main.py[line:32] DEBUG info log
Mon, 24 Nov 2014 17:39:03 main.py[line:30] INFO info log
Mon, 24 Nov 2014 17:39:03 main.py[line:31] ERROR error log
Mon, 24 Nov 2014 17:39:03 main.py[line:32] DEBUG debug log
Mon, 24 Nov 2014 17:39:04 main.py[line:30] INFO info log
Mon, 24 Nov 2014 17:39:04 main.py[line:31] ERROR error log
Mon, 24 Nov 2014 17:39:04 main.py[line:32] DEBUG debug log
Mon, 24 Nov 2014 17:39:05 main.py[line:30] INFO info log
Mon, 24 Nov 2014 17:39:05 main.py[line:31] ERROR error log
Mon, 24 Nov 2014 17:39:05 main.py[line:32] DEBUG debug log
Mon, 24 Nov 2014 17:39:51 main.py[line:30] INFO info log
Mon, 24 Nov 2014 17:39:51 main.py[line:31] ERROR error log
Mon, 24 Nov 2014 17:39:51 main.py[line:32] DEBUG debug log
Mon, 24 Nov 2014 17:39:52 main.py[line:30] INFO info log
Mon, 24 Nov 2014 17:39:52 main.py[line:31] ERROR error log
Mon, 24 Nov 2014 17:39:52 main.py[line:32] DEBUG debug log
